2020-01-15 04:05:33,767:ckpt=ckpt/S-S_T-R/M-dsne_bb-resnet101/dsne-0
log=log/S-S_T-R/M-dsne_bb-resnet101/dsne-0
gpus=0
mxboard=False
postfix=0
log_itv=100
method=dsne
cfg=cfg/final.json
src=S
tgt=R
nc=12
size=224
bb=resnet
nlayers=101
dropout=False
inn=False
bn=False
embed_size=512
pretrained=False
model_path=ckpt/S-S_T-R/path/to/model
start_epoch=0
end_epoch=20
seed=0
train_src=False
hybridize=True
best_value=0
alpha=0.1
training=True
plot=False
l2n=False
fn=True
angular=False
aug_tgt_only=False
eval=True
eval_epoch=0
bs=32
resize=224
mean=0.5
std=0.5
color_jitter=0.2
flip=True
random_crop=True
random_color=True
ratio=1
optim=sgd
lr=0.001
lr_epochs=
lr_factor=0.1
wd=0.0001
mom=0.9
margin=1
save_preds=False
ctx=[gpu(0)]
